<?xml version="1.0" encoding="UTF-8"?>
<testsuite name="MyTests.CommentTest" time="84.689" tests="1" errors="0" skipped="0" failures="1">
  <properties>
[...]
</properties>
  <testcase name="xTest" classname="MyTests.CommentTest" time="84.689">
    <failure message="null expected [true] but found [false]" type="java.lang.AssertionError">java.lang.AssertionError: null expected [true] but found [false]
	at org.testng.Assert.fail(Assert.java:94)
	at org.testng.Assert.failNotEquals(Assert.java:494)
	at org.testng.Assert.assertTrue(Assert.java:42)
	at webdriver.Logger.fatal(Logger.java:267)
	at webdriver.BaseTest.xTest(BaseTest.java:35)
	at sun.reflect.NativeMethodAccessorImpl.invoke0(Native Method)
	at sun.reflect.NativeMethodAccessorImpl.invoke(NativeMethodAccessorImpl.java:62)
	at sun.reflect.DelegatingMethodAccessorImpl.invoke(DelegatingMethodAccessorImpl.java:43)
	at java.lang.reflect.Method.invoke(Method.java:497)
	at org.testng.internal.MethodInvocationHelper.invokeMethod(MethodInvocationHelper.java:84)
	at org.testng.internal.Invoker.invokeMethod(Invoker.java:714)
	at org.testng.internal.Invoker.invokeTestMethod(Invoker.java:901)
	at org.testng.internal.Invoker.invokeTestMethods(Invoker.java:1231)
	at org.testng.internal.TestMethodWorker.invokeTestMethods(TestMethodWorker.java:127)
	at org.testng.internal.TestMethodWorker.run(TestMethodWorker.java:111)
	at org.testng.TestRunner.privateRun(TestRunner.java:767)
	at org.testng.TestRunner.run(TestRunner.java:617)
	at org.testng.SuiteRunner.runTest(SuiteRunner.java:334)
	at org.testng.SuiteRunner.runSequentially(SuiteRunner.java:329)
	at org.testng.SuiteRunner.privateRun(SuiteRunner.java:291)
	at org.testng.SuiteRunner.run(SuiteRunner.java:240)
	at org.testng.SuiteRunnerWorker.runSuite(SuiteRunnerWorker.java:52)
	at org.testng.SuiteRunnerWorker.run(SuiteRunnerWorker.java:86)
	at org.testng.TestNG.runSuitesSequentially(TestNG.java:1224)
	at org.testng.TestNG.runSuitesLocally(TestNG.java:1149)
	at org.testng.TestNG.run(TestNG.java:1057)
	at org.apache.maven.surefire.testng.TestNGExecutor.run(TestNGExecutor.java:91)
	at org.apache.maven.surefire.testng.TestNGDirectoryTestSuite.executeSingleClass(TestNGDirectoryTestSuite.java:128)
	at org.apache.maven.surefire.testng.TestNGDirectoryTestSuite.execute(TestNGDirectoryTestSuite.java:112)
	at org.apache.maven.surefire.testng.TestNGProvider.invoke(TestNGProvider.java:113)
	at org.apache.maven.surefire.booter.ForkedBooter.invokeProviderInSameClassLoader(ForkedBooter.java:200)
	at org.apache.maven.surefire.booter.ForkedBooter.runSuitesInProcess(ForkedBooter.java:153)
	at org.apache.maven.surefire.booter.ForkedBooter.main(ForkedBooter.java:103)
</failure>
    <system-out><![CDATA[Configuring TestNG with: TestNG652Configurator
16:20:26,526  INFO - browser driver was constructed
16:20:26,573  INFO - Browser 'firefox' ready...
16:20:29,126  INFO - -----------------------------------------------------------------------------
16:20:29,126  INFO - =====================  Test case: 'MyTests.CommentTest' =====================
16:20:29,126  INFO - -----------------------------------------------------------------------------
16:20:29,126  INFO - --------==[ Preconditions ]==--------
16:20:31,267  INFO - --------==[ Step 1 ]==--------
16:20:31,267  INFO - --------==[ Go to film's page ]==--------
16:20:43,797  INFO - Form 'main page' appears in 11851msec
16:20:44,006  INFO - Button 'null' :: Clicking
16:20:47,422  INFO - --------==[ Step 2 ]==--------
16:20:47,422  INFO - --------==[ Use online film ]==--------
16:20:48,319  INFO - Form 'Film's page' appears in 769msec
16:20:48,440  INFO - Button 'null' :: Clicking
16:20:54,224  INFO - Button 'null' :: Clicking
16:20:54,713  INFO - --------==[ Step 3 ]==--------
16:20:54,714  INFO - --------==[ Rer for comment ]==--------
16:21:08,155  INFO - Button 'null' :: Clicking
16:21:09,186  INFO - Text Field 'null' :: Typing 'AlexandrZalamay'
16:21:17,220  INFO - Text Field 'null' :: Typing '12312345'
16:21:18,041  INFO - Button 'null' :: Clicking
16:21:19,100  INFO - --------==[ Step 4 ]==--------
16:21:19,101  INFO - --------==[ Short comment ]==--------
16:21:26,855  INFO - Button 'null' :: is present : false
16:21:47,273  INFO - Button 'null' :: Clicking
16:21:49,231  INFO - Text Field 'null' :: Clicking
16:21:50,421  INFO - Text Field 'null' :: Typing 'Nice film, very very interesting! I recomendet!'
16:21:53,101  INFO - Button 'null' :: Clicking
16:21:53,717  INFO - Button 'null' :: is present : false
16:21:53,748  WARN - 
16:21:53,748  WARN - >>>>>>>> TEST FAILED <<<<<<<<
16:21:53,748  WARN - 
16:21:53,748 FATAL - null
]]></system-out>
  </testcase>
</testsuite>